This is XeTeXk, Version 3.141592-2.2-0.996-patch2 (Web2C 7.5.6) (format=xelatex 2010.5.9)  9 MAY 2010 09:37
entering extended mode
 %&-line parsing enabled.
**study-tex.tex
(./study-tex.tex
LaTeX2e <2005/12/01>
Babel <v3.8h> and hyphenation patterns for english, usenglishmax, dumylang, noh
yphenation, pinyin, loaded.

! LaTeX Error: Missing \begin{document}.

See the LaTeX manual or LaTeX Companion for explanation.
Type  H <return>  for immediate help.
 ...                                              
                                                  
l.2 ...å¸Œæœ›å†™å…¥çš„å†…å®¹ï¼ˆå¯ä»¥æ˜¯å›¾ç‰‡ï¼‰}
                                                  
? q
OK, entering \batchmode...
! Missing number, treated as zero.
<to be read again> 
                   [
l.2 ...å¸Œæœ›å†™å…¥çš„å†…å®¹ï¼ˆå¯ä»¥æ˜¯å›¾ç‰‡ï¼‰}
                                                  
A number should have been here; I inserted `0'.
(If you can't figure out why I needed to see a number,
look up `weird error' in the index to The TeXbook.)

! Illegal unit of measure (pt inserted).
<to be read again> 
                   [
l.2 ...å¸Œæœ›å†™å…¥çš„å†…å®¹ï¼ˆå¯ä»¥æ˜¯å›¾ç‰‡ï¼‰}
                                                  
Dimensions can be in units of em, ex, in, pt, pc,
cm, mm, dd, cc, bp, or sp; but yours is a new one!
I'll assume that you meant to say pt, for printer's points.
To recover gracefully from this error, it's best to
delete the erroneous units; e.g., type `2' to delete
two letters. (See Chapter 27 of The TeXbook.)

Missing character: There is no [ in font nullfont!
! Missing number, treated as zero.
<to be read again> 
                   å®½
l.2 ...å¸Œæœ›å†™å…¥çš„å†…å®¹ï¼ˆå¯ä»¥æ˜¯å›¾ç‰‡ï¼‰}
                                                  
A number should have been here; I inserted `0'.
(If you can't figure out why I needed to see a number,
look up `weird error' in the index to The TeXbook.)

! Illegal unit of measure (pt inserted).
<to be read again> 
                   å®½
l.2 ...å¸Œæœ›å†™å…¥çš„å†…å®¹ï¼ˆå¯ä»¥æ˜¯å›¾ç‰‡ï¼‰}
                                                  
Dimensions can be in units of em, ex, in, pt, pc,
cm, mm, dd, cc, bp, or sp; but yours is a new one!
I'll assume that you meant to say pt, for printer's points.
To recover gracefully from this error, it's best to
delete the erroneous units; e.g., type `2' to delete
two letters. (See Chapter 27 of The TeXbook.)

Missing character: There is no å®½ in font nullfont!
Missing character: There is no åº¦ in font nullfont!
Missing character: There is no ] in font nullfont!
Missing character: There is no å¸Œ in font nullfont!
Missing character: There is no æœ› in font nullfont!
Missing character: There is no å†™ in font nullfont!
Missing character: There is no å…¥ in font nullfont!
Missing character: There is no çš„ in font nullfont!
Missing character: There is no å†… in font nullfont!
Missing character: There is no å®¹ in font nullfont!
Missing character: There is no ï¼ˆ in font nullfont!
Missing character: There is no å¯ in font nullfont!
Missing character: There is no ä»¥ in font nullfont!
Missing character: There is no æ˜¯ in font nullfont!
Missing character: There is no å›¾ in font nullfont!
Missing character: There is no ç‰‡ in font nullfont!
Missing character: There is no ï¼‰ in font nullfont!
! Missing number, treated as zero.
<to be read again> 
                   é•¿
l.2 ...å¸Œæœ›å†™å…¥çš„å†…å®¹ï¼ˆå¯ä»¥æ˜¯å›¾ç‰‡ï¼‰}
                                                  
A number should have been here; I inserted `0'.
(If you can't figure out why I needed to see a number,
look up `weird error' in the index to The TeXbook.)

! Illegal unit of measure (pt inserted).
<to be read again> 
                   é•¿
l.2 ...å¸Œæœ›å†™å…¥çš„å†…å®¹ï¼ˆå¯ä»¥æ˜¯å›¾ç‰‡ï¼‰}
                                                  
Dimensions can be in units of em, ex, in, pt, pc,
cm, mm, dd, cc, bp, or sp; but yours is a new one!
I'll assume that you meant to say pt, for printer's points.
To recover gracefully from this error, it's best to
delete the erroneous units; e.g., type `2' to delete
two letters. (See Chapter 27 of The TeXbook.)

Missing character: There is no é•¿ in font nullfont!
Missing character: There is no åº¦ in font nullfont!
! Missing number, treated as zero.
<to be read again> 
                   [
l.4 ...¸Œæœ›å†™å…¥çš„å†…å®¹ï¼ˆå¯ä»¥æ˜¯å›¾ç‰‡ï¼‰}}
                                                  
A number should have been here; I inserted `0'.
(If you can't figure out why I needed to see a number,
look up `weird error' in the index to The TeXbook.)

! Illegal unit of measure (pt inserted).
<to be read again> 
                   [
l.4 ...¸Œæœ›å†™å…¥çš„å†…å®¹ï¼ˆå¯ä»¥æ˜¯å›¾ç‰‡ï¼‰}}
                                                  
Dimensions can be in units of em, ex, in, pt, pc,
cm, mm, dd, cc, bp, or sp; but yours is a new one!
I'll assume that you meant to say pt, for printer's points.
To recover gracefully from this error, it's best to
delete the erroneous units; e.g., type `2' to delete
two letters. (See Chapter 27 of The TeXbook.)

Missing character: There is no [ in font nullfont!
! Missing number, treated as zero.
<to be read again> 
                   å®½
l.4 ...¸Œæœ›å†™å…¥çš„å†…å®¹ï¼ˆå¯ä»¥æ˜¯å›¾ç‰‡ï¼‰}}
                                                  
A number should have been here; I inserted `0'.
(If you can't figure out why I needed to see a number,
look up `weird error' in the index to The TeXbook.)

! Illegal unit of measure (pt inserted).
<to be read again> 
                   å®½
l.4 ...¸Œæœ›å†™å…¥çš„å†…å®¹ï¼ˆå¯ä»¥æ˜¯å›¾ç‰‡ï¼‰}}
                                                  
Dimensions can be in units of em, ex, in, pt, pc,
cm, mm, dd, cc, bp, or sp; but yours is a new one!
I'll assume that you meant to say pt, for printer's points.
To recover gracefully from this error, it's best to
delete the erroneous units; e.g., type `2' to delete
two letters. (See Chapter 27 of The TeXbook.)

Missing character: There is no å®½ in font nullfont!
Missing character: There is no åº¦ in font nullfont!
Missing character: There is no ] in font nullfont!
Missing character: There is no å¸Œ in font nullfont!
Missing character: There is no æœ› in font nullfont!
Missing character: There is no å†™ in font nullfont!
Missing character: There is no å…¥ in font nullfont!
Missing character: There is no çš„ in font nullfont!
Missing character: There is no å†… in font nullfont!
Missing character: There is no å®¹ in font nullfont!
Missing character: There is no ï¼ˆ in font nullfont!
Missing character: There is no å¯ in font nullfont!
Missing character: There is no ä»¥ in font nullfont!
Missing character: There is no æ˜¯ in font nullfont!
Missing character: There is no å›¾ in font nullfont!
Missing character: There is no ç‰‡ in font nullfont!
Missing character: There is no ï¼‰ in font nullfont!
! Missing number, treated as zero.
<to be read again> 
                   é•¿
l.4 ...¸Œæœ›å†™å…¥çš„å†…å®¹ï¼ˆå¯ä»¥æ˜¯å›¾ç‰‡ï¼‰}}
                                                  
A number should have been here; I inserted `0'.
(If you can't figure out why I needed to see a number,
look up `weird error' in the index to The TeXbook.)

! Illegal unit of measure (pt inserted).
<to be read again> 
                   é•¿
l.4 ...¸Œæœ›å†™å…¥çš„å†…å®¹ï¼ˆå¯ä»¥æ˜¯å›¾ç‰‡ï¼‰}}
                                                  
Dimensions can be in units of em, ex, in, pt, pc,
cm, mm, dd, cc, bp, or sp; but yours is a new one!
I'll assume that you meant to say pt, for printer's points.
To recover gracefully from this error, it's best to
delete the erroneous units; e.g., type `2' to delete
two letters. (See Chapter 27 of The TeXbook.)

Missing character: There is no é•¿ in font nullfont!
Missing character: There is no åº¦ in font nullfont!
Missing character: There is no [ in font nullfont!
\citation{æ–‡çŒ®label}
! Undefined control sequence.
<write> ...: Citation `\@citeb ' on page \thepage 
                                                  \space undefined\on@line .^^J
l.6 ^^I\cite{æ–‡çŒ®label}
                         
The control sequence at the end of the top line
of your error message was never \def'ed. If you have
misspelled it (e.g., `\hobx'), type `I' and the correct
spelling (e.g., `I\hbox'). Otherwise just continue,
and I'll forget about whatever was undefined.


LaTeX Warning: Citation `æ–‡çŒ®label' on page  undefined on input line 6.

Missing character: There is no ] in font nullfont!
! Undefined control sequence.
<write> ...ference `å›¾ç‰‡label' on page \thepage 
                                                  \space undefined\on@line .^^J
l.8 ^^I\ref{å›¾ç‰‡label}
                        
The control sequence at the end of the top line
of your error message was never \def'ed. If you have
misspelled it (e.g., `\hobx'), type `I' and the correct
spelling (e.g., `I\hbox'). Otherwise just continue,
and I'll forget about whatever was undefined.


LaTeX Warning: Reference `å›¾ç‰‡label' on page  undefined on input line 8.


! LaTeX Error: File `data/chap1.tex' not found.

Type X to quit or <RETURN> to proceed,
or enter new name. (Default extension: tex)

 Enter file name: 
! Emergency stop.
<read *> 
         
l.10 ^^I\input{data/chap1}
                          ^^M
*** (cannot \read from terminal in nonstop modes)

 
Here is how much of TeX's memory you used:
 11 strings out of 95785
 103 string characters out of 1190384
 45046 words of memory out of 1500000
 3209 multiletter control sequences out of 10000+50000
 3948 words of font info for 15 fonts, out of 1200000 for 2000
 28 hyphenation exceptions out of 8191
 20i,6n,26p,78b,92s stack positions out of 5000i,500n,6000p,200000b,5000s
No pages of output.
